<?xml version="1.0" encoding="UTF-8"?>
<testsuite name="TestSuite" time="0" tests="32" errors="0" skipped="0" failures="0">
  <properties>
[...]
</properties>
  <testcase name="testNameAge1 on testNameAge1(se.nackademin.examination.examination_jacoco.DataAnalysisTest)" classname="se.nackademin.examination.examination_jacoco.DataAnalysisTest" time="0"/>
  <testcase name="testNameAge2 on testNameAge2(se.nackademin.examination.examination_jacoco.DataAnalysisTest)" classname="se.nackademin.examination.examination_jacoco.DataAnalysisTest" time="0"/>
  <testcase name="testCityAge1 on testCityAge1(se.nackademin.examination.examination_jacoco.DataAnalysisTest)" classname="se.nackademin.examination.examination_jacoco.DataAnalysisTest" time="0"/>
  <testcase name="testCityAge2 on testCityAge2(se.nackademin.examination.examination_jacoco.DataAnalysisTest)" classname="se.nackademin.examination.examination_jacoco.DataAnalysisTest" time="0"/>
  <testcase name="testCityAge3 on testCityAge3(se.nackademin.examination.examination_jacoco.DataAnalysisTest)" classname="se.nackademin.examination.examination_jacoco.DataAnalysisTest" time="0"/>
  <testcase name="testCityAge4 on testCityAge4(se.nackademin.examination.examination_jacoco.DataAnalysisTest)" classname="se.nackademin.examination.examination_jacoco.DataAnalysisTest" time="0"/>
  <testcase name="testAgeGettersAndSettersMethods on testAgeGettersAndSettersMethods(se.nackademin.examination.examination_jacoco.ResultsFromInputsTest)" classname="se.nackademin.examination.examination_jacoco.ResultsFromInputsTest" time="0"/>
  <testcase name="testConvCity on testConvCity(se.nackademin.examination.examination_jacoco.ConversorTest)" classname="se.nackademin.examination.examination_jacoco.ConversorTest" time="0"/>
  <testcase name="testConvName on testConvName(se.nackademin.examination.examination_jacoco.ConversorTest)" classname="se.nackademin.examination.examination_jacoco.ConversorTest" time="0"/>
  <testcase name="testConvGender on testConvGender(se.nackademin.examination.examination_jacoco.ConversorTest)" classname="se.nackademin.examination.examination_jacoco.ConversorTest" time="0"/>
  <testcase name="testConvAge on testConvAge(se.nackademin.examination.examination_jacoco.ConversorTest)" classname="se.nackademin.examination.examination_jacoco.ConversorTest" time="0"/>
  <testcase name="testRun on testRun(se.nackademin.examination.examination_jacoco.GameTest)" classname="se.nackademin.examination.examination_jacoco.GameTest" time="0"/>
  <testcase name="testCalcHomeCity10 on testCalcHomeCity10(se.nackademin.examination.examination_jacoco.GameTest)" classname="se.nackademin.examination.examination_jacoco.GameTest" time="0"/>
  <testcase name="testCalcHomeCity11 on testCalcHomeCity11(se.nackademin.examination.examination_jacoco.GameTest)" classname="se.nackademin.examination.examination_jacoco.GameTest" time="0"/>
  <testcase name="testCalcHomeCity1 on testCalcHomeCity1(se.nackademin.examination.examination_jacoco.GameTest)" classname="se.nackademin.examination.examination_jacoco.GameTest" time="0"/>
  <testcase name="testCalcHomeCity2 on testCalcHomeCity2(se.nackademin.examination.examination_jacoco.GameTest)" classname="se.nackademin.examination.examination_jacoco.GameTest" time="0"/>
  <testcase name="testCalcHomeCity3 on testCalcHomeCity3(se.nackademin.examination.examination_jacoco.GameTest)" classname="se.nackademin.examination.examination_jacoco.GameTest" time="0"/>
  <testcase name="testCalcHomeCity4 on testCalcHomeCity4(se.nackademin.examination.examination_jacoco.GameTest)" classname="se.nackademin.examination.examination_jacoco.GameTest" time="0"/>
  <testcase name="testCalcHomeCity5 on testCalcHomeCity5(se.nackademin.examination.examination_jacoco.GameTest)" classname="se.nackademin.examination.examination_jacoco.GameTest" time="0"/>
  <testcase name="testCalcHomeCity6 on testCalcHomeCity6(se.nackademin.examination.examination_jacoco.GameTest)" classname="se.nackademin.examination.examination_jacoco.GameTest" time="0"/>
  <testcase name="testCalcHomeCity7 on testCalcHomeCity7(se.nackademin.examination.examination_jacoco.GameTest)" classname="se.nackademin.examination.examination_jacoco.GameTest" time="0"/>
  <testcase name="testCalcHomeCity8 on testCalcHomeCity8(se.nackademin.examination.examination_jacoco.GameTest)" classname="se.nackademin.examination.examination_jacoco.GameTest" time="0"/>
  <testcase name="testCalcHomeCity9 on testCalcHomeCity9(se.nackademin.examination.examination_jacoco.GameTest)" classname="se.nackademin.examination.examination_jacoco.GameTest" time="0"/>
  <testcase name="testCalcGender1 on testCalcGender1(se.nackademin.examination.examination_jacoco.GameTest)" classname="se.nackademin.examination.examination_jacoco.GameTest" time="0"/>
  <testcase name="testCalcGender2 on testCalcGender2(se.nackademin.examination.examination_jacoco.GameTest)" classname="se.nackademin.examination.examination_jacoco.GameTest" time="0"/>
  <testcase name="testCalcGender3 on testCalcGender3(se.nackademin.examination.examination_jacoco.GameTest)" classname="se.nackademin.examination.examination_jacoco.GameTest" time="0"/>
  <testcase name="testCalcAge1 on testCalcAge1(se.nackademin.examination.examination_jacoco.GameTest)" classname="se.nackademin.examination.examination_jacoco.GameTest" time="0"/>
  <testcase name="testCalcAge2 on testCalcAge2(se.nackademin.examination.examination_jacoco.GameTest)" classname="se.nackademin.examination.examination_jacoco.GameTest" time="0"/>
  <testcase name="testCalcNames1 on testCalcNames1(se.nackademin.examination.examination_jacoco.GameTest)" classname="se.nackademin.examination.examination_jacoco.GameTest" time="0"/>
  <testcase name="testCalcNames2 on testCalcNames2(se.nackademin.examination.examination_jacoco.GameTest)" classname="se.nackademin.examination.examination_jacoco.GameTest" time="0"/>
  <testcase name="testCalcNames3 on testCalcNames3(se.nackademin.examination.examination_jacoco.GameTest)" classname="se.nackademin.examination.examination_jacoco.GameTest" time="0"/>
  <testcase name="testMainMethod on testMainMethod(se.nackademin.examination.examination_jacoco.MainTest)" classname="se.nackademin.examination.examination_jacoco.MainTest" time="0"/>
</testsuite>