<?xml version="1.0" encoding="UTF-8"?>
<!-- Generated by org.testng.reporters.JUnitReportReporter -->
<testsuite hostname="ChristianStröm" name="se.nackademin.examination.examination_jacoco.ResultsFromInputsTest" tests="1" failures="0" timestamp="21 Oct 2016 08:40:45 GMT" time="0.000" errors="0">
  <testcase name="testAgeGettersAndSettersMethods" time="0.000" classname="se.nackademin.examination.examination_jacoco.ResultsFromInputsTest"/>
</testsuite> <!-- se.nackademin.examination.examination_jacoco.ResultsFromInputsTest -->
