<?xml version="1.0" encoding="UTF-8"?>
<!-- Generated by org.testng.reporters.JUnitReportReporter -->
<testsuite hostname="ChristianStröm" name="se.nackademin.examination.examination_jacoco.DataAnalysisTest" tests="6" failures="0" timestamp="21 Oct 2016 08:40:45 GMT" time="0.016" errors="0">
  <testcase name="testCityAge2" time="0.000" classname="se.nackademin.examination.examination_jacoco.DataAnalysisTest"/>
  <testcase name="testCityAge3" time="0.000" classname="se.nackademin.examination.examination_jacoco.DataAnalysisTest"/>
  <testcase name="testCityAge4" time="0.000" classname="se.nackademin.examination.examination_jacoco.DataAnalysisTest"/>
  <testcase name="testNameAge1" time="0.016" classname="se.nackademin.examination.examination_jacoco.DataAnalysisTest"/>
  <testcase name="testCityAge1" time="0.000" classname="se.nackademin.examination.examination_jacoco.DataAnalysisTest"/>
  <testcase name="testNameAge2" time="0.000" classname="se.nackademin.examination.examination_jacoco.DataAnalysisTest"/>
</testsuite> <!-- se.nackademin.examination.examination_jacoco.DataAnalysisTest -->
