<?xml version="1.0" encoding="UTF-8"?>
<!-- Generated by org.testng.reporters.JUnitReportReporter -->
<testsuite hostname="ChristianStröm" name="se.nackademin.examination.examination_jacoco.GameTest" tests="20" failures="0" timestamp="21 Oct 2016 08:40:45 GMT" time="0.016" errors="0">
  <testcase name="testCalcHomeCity9" time="0.000" classname="se.nackademin.examination.examination_jacoco.GameTest"/>
  <testcase name="testCalcNames2" time="0.000" classname="se.nackademin.examination.examination_jacoco.GameTest"/>
  <testcase name="testCalcHomeCity5" time="0.000" classname="se.nackademin.examination.examination_jacoco.GameTest"/>
  <testcase name="testCalcNames1" time="0.000" classname="se.nackademin.examination.examination_jacoco.GameTest"/>
  <testcase name="testCalcHomeCity1" time="0.000" classname="se.nackademin.examination.examination_jacoco.GameTest"/>
  <testcase name="testCalcGender3" time="0.000" classname="se.nackademin.examination.examination_jacoco.GameTest"/>
  <testcase name="testCalcHomeCity4" time="0.000" classname="se.nackademin.examination.examination_jacoco.GameTest"/>
  <testcase name="testCalcHomeCity2" time="0.000" classname="se.nackademin.examination.examination_jacoco.GameTest"/>
  <testcase name="testCalcNames3" time="0.000" classname="se.nackademin.examination.examination_jacoco.GameTest"/>
  <testcase name="testCalcHomeCity10" time="0.000" classname="se.nackademin.examination.examination_jacoco.GameTest"/>
  <testcase name="testCalcGender2" time="0.000" classname="se.nackademin.examination.examination_jacoco.GameTest"/>
  <testcase name="testCalcHomeCity3" time="0.000" classname="se.nackademin.examination.examination_jacoco.GameTest"/>
  <testcase name="testCalcGender1" time="0.000" classname="se.nackademin.examination.examination_jacoco.GameTest"/>
  <testcase name="testRun" time="0.000" classname="se.nackademin.examination.examination_jacoco.GameTest"/>
  <testcase name="testCalcHomeCity11" time="0.000" classname="se.nackademin.examination.examination_jacoco.GameTest"/>
  <testcase name="testCalcHomeCity7" time="0.000" classname="se.nackademin.examination.examination_jacoco.GameTest"/>
  <testcase name="testCalcHomeCity8" time="0.000" classname="se.nackademin.examination.examination_jacoco.GameTest"/>
  <testcase name="testCalcHomeCity6" time="0.000" classname="se.nackademin.examination.examination_jacoco.GameTest"/>
  <testcase name="testCalcAge2" time="0.000" classname="se.nackademin.examination.examination_jacoco.GameTest"/>
  <testcase name="testCalcAge1" time="0.016" classname="se.nackademin.examination.examination_jacoco.GameTest"/>
</testsuite> <!-- se.nackademin.examination.examination_jacoco.GameTest -->
